2020-12-07 01:02:56,716 Inside File :server.py
2020-12-07 01:02:56,721 Displaying the file: server.py
2020-12-07 01:03:02,470 GET / HTTP/1.1
2020-12-07 01:03:02,470 Host: localhost:5000
2020-12-07 01:03:02,471 Implemented GET Request Successfully
2020-12-07 01:03:02,471 Cookie: 568b3301-befc-4f20-8bff-f25ec9ea7b00
2020-12-07 01:03:16,410 FileName: readmefile.txt
2020-12-07 01:03:16,410 Content: heyyy+%0D%0A%0D%0Ahow+are+you%0D%0A%0D%0Aasdf
2020-12-07 01:03:16,412 Put Request Completed
2020-12-07 01:03:28,192 In the Delete Method.
2020-12-07 01:03:28,193 readmefile.txt has been Deleted.
2020-12-07 01:03:34,591 GET / HTTP/1.1
2020-12-07 01:03:34,591 Host: localhost:5000
2020-12-07 01:03:34,592 Implemented GET Request Successfully
2020-12-07 01:03:34,592 Cookie: 568b3301-befc-4f20-8bff-f25ec9ea7b00
2020-12-07 01:04:29,568 FileName: new+file+.py
2020-12-07 01:04:29,568 Content: Hey
2020-12-07 01:04:29,570 Put Request Completed
2020-12-07 01:04:43,828 In the Delete Method.
2020-12-07 01:04:43,829 new+file+.py has been Deleted.
2020-12-07 01:05:16,399 POST /list HTTP/1.1
2020-12-07 01:05:16,400 Host: localhost:5000
2020-12-07 01:05:16,400 Post Request
2020-12-07 01:05:16,402 List of Files Sent
2020-12-07 01:05:18,075 Inside File :newfile.log
2020-12-07 01:05:18,080 Displaying the file: newfile.log
2020-12-07 01:06:08,963 In the Delete Method.
2020-12-07 01:06:08,965 new.html has been Deleted.
2020-12-07 01:06:16,476 GET / HTTP/1.1
2020-12-07 01:06:16,476 Host: localhost:5000
2020-12-07 01:06:16,476 Implemented GET Request Successfully
2020-12-07 01:06:16,476 Cookie: 568b3301-befc-4f20-8bff-f25ec9ea7b00
